2022-01-21 18:27:04,844:WARNING:discord.client: PyNaCl is not installed, voice will NOT be supported
2022-01-21 18:27:04,845:DEBUG:discord.client: on_ready has successfully been registered as an event
2022-01-21 18:27:04,845:DEBUG:discord.client: on_command_error has successfully been registered as an event
2022-01-21 18:27:04,845:INFO:discord.client: logging in using static token
2022-01-21 18:27:04,979:DEBUG:discord.http: GET https://discord.com/api/v7/users/@me with None has returned 200
2022-01-21 18:27:04,979:DEBUG:discord.http: GET https://discord.com/api/v7/users/@me has received {'id': '933894129270800405', 'username': 'Reddit Fetcher', 'avatar': 'a4c4be7ca25c09d91ab80da045cb4c82', 'discriminator': '2665', 'public_flags': 0, 'flags': 0, 'bot': True, 'banner': None, 'banner_color': None, 'accent_color': None, 'bio': '', 'locale': 'en-US', 'mfa_enabled': False, 'email': None, 'verified': True}
2022-01-21 18:27:05,003:DEBUG:discord.http: GET https://discord.com/api/v7/gateway with None has returned 200
2022-01-21 18:27:05,004:DEBUG:discord.http: GET https://discord.com/api/v7/gateway has received {'url': 'wss://gateway.discord.gg'}
2022-01-21 18:27:05,113:DEBUG:discord.gateway: Created websocket connected to wss://gateway.discord.gg?encoding=json&v=6&compress=zlib-stream
2022-01-21 18:27:05,113:DEBUG:discord.client: Dispatching event socket_raw_receive
2022-01-21 18:27:05,113:DEBUG:discord.gateway: For Shard ID None: WebSocket Event: {'t': None, 's': None, 'op': 10, 'd': {'heartbeat_interval': 41250, '_trace': ['["gateway-prd-main-bzkk",{"micros":0.0}]']}}
2022-01-21 18:27:05,113:DEBUG:discord.client: Dispatching event socket_response
2022-01-21 18:27:05,113:DEBUG:discord.client: Dispatching event socket_raw_send
2022-01-21 18:27:05,114:DEBUG:discord.client: Dispatching event socket_raw_send
2022-01-21 18:27:05,114:INFO:discord.gateway: Shard ID None has sent the IDENTIFY payload.
2022-01-21 18:27:05,137:DEBUG:discord.client: Dispatching event socket_raw_receive
2022-01-21 18:27:05,137:DEBUG:discord.gateway: For Shard ID None: WebSocket Event: {'t': None, 's': None, 'op': 11, 'd': None}
2022-01-21 18:27:05,137:DEBUG:discord.client: Dispatching event socket_response
2022-01-21 18:27:05,182:DEBUG:discord.client: Dispatching event socket_raw_receive
2022-01-21 18:27:05,182:DEBUG:discord.gateway: For Shard ID None: WebSocket Event: {'t': 'READY', 's': 1, 'op': 0, 'd': {'v': 6, 'user_settings': {}, 'user': {'verified': True, 'username': 'Reddit Fetcher', 'mfa_enabled': False, 'id': '933894129270800405', 'flags': 0, 'email': None, 'discriminator': '2665', 'bot': True, 'avatar': 'a4c4be7ca25c09d91ab80da045cb4c82'}, 'session_id': '46b15205dee4929079b21380b4671e93', 'relationships': [], 'private_channels': [], 'presences': [], 'guilds': [{'unavailable': True, 'id': '933891292549763172'}], 'guild_join_requests': [], 'geo_ordered_rtc_regions': ['atlanta', 'us-east', 'newark', 'us-south', 'us-central'], 'application': {'id': '933894129270800405', 'flags': 262144}, '_trace': ['["gateway-prd-main-bzkk",{"micros":43160,"calls":["discord-sessions-green-prd-2-54",{"micros":42241,"calls":["start_session",{"micros":32340,"calls":["api-prd-main-f70q",{"micros":29353,"calls":["get_user",{"micros":5449},"add_authorized_ip",{"micros":2066},"get_guilds",{"micros":3529},"coros_wait",{"micros":0}]}]},"guilds_connect",{"micros":2,"calls":[]},"presence_connect",{"micros":1130,"calls":[]}]}]}]']}}
2022-01-21 18:27:05,183:DEBUG:discord.client: Dispatching event socket_response
2022-01-21 18:27:05,183:INFO:discord.gateway: Shard ID None has connected to Gateway: ["gateway-prd-main-bzkk",{"micros":43160,"calls":["discord-sessions-green-prd-2-54",{"micros":42241,"calls":["start_session",{"micros":32340,"calls":["api-prd-main-f70q",{"micros":29353,"calls":["get_user",{"micros":5449},"add_authorized_ip",{"micros":2066},"get_guilds",{"micros":3529},"coros_wait",{"micros":0}]}]},"guilds_connect",{"micros":2,"calls":[]},"presence_connect",{"micros":1130,"calls":[]}]}]}] (Session ID: 46b15205dee4929079b21380b4671e93).
2022-01-21 18:27:05,193:DEBUG:discord.client: Dispatching event connect
2022-01-21 18:27:05,194:DEBUG:discord.client: Dispatching event socket_raw_receive
2022-01-21 18:27:05,194:DEBUG:discord.gateway: For Shard ID None: WebSocket Event: {'t': 'GUILD_MEMBER_UPDATE', 's': 2, 'op': 0, 'd': {'user': {'username': 'Reddit Fetcher', 'id': '933894129270800405', 'discriminator': '2665', 'bot': True, 'avatar': 'a4c4be7ca25c09d91ab80da045cb4c82'}, 'roles': ['933895612687077497'], 'mute': False, 'joined_at': '2022-01-21T01:27:45.049000+00:00', 'hoisted_role': None, 'guild_id': '933891292549763172', 'deaf': False}}
2022-01-21 18:27:05,194:DEBUG:discord.client: Dispatching event socket_response
2022-01-21 18:27:05,194:DEBUG:discord.state: GUILD_MEMBER_UPDATE referencing an unknown member ID: 933894129270800405. Discarding.
2022-01-21 18:27:05,194:DEBUG:discord.client: Dispatching event socket_raw_receive
2022-01-21 18:27:05,194:DEBUG:discord.gateway: For Shard ID None: WebSocket Event: {'t': 'GUILD_CREATE', 's': 3, 'op': 0, 'd': {'region': 'deprecated', 'nsfw': False, 'max_members': 250000, 'name': 'Test server', 'nsfw_level': 0, 'rules_channel_id': None, 'description': None, 'vanity_url_code': None, 'discovery_splash': None, 'guild_hashes': {'version': 1, 'roles': {'omitted': False, 'hash': 'GROwlEeN6Eg'}, 'metadata': {'omitted': False, 'hash': 'cLg23EUJBhU'}, 'channels': {'omitted': False, 'hash': 'Iyr1UzLS3os'}}, 'icon': None, 'premium_progress_bar_enabled': False, 'unavailable': False, 'preferred_locale': 'en-US', 'explicit_content_filter': 0, 'large': False, 'application_command_counts': {'3': 0, '2': 0, '1': 0}, 'premium_subscription_count': 0, 'premium_tier': 0, 'stage_instances': [], 'voice_states': [], 'presences': [], 'mfa_level': 0, 'emojis': [], 'lazy': True, 'public_updates_channel_id': None, 'owner_id': '289695375973941249', 'system_channel_id': '933891452507942912', 'guild_scheduled_events': [], 'threads': [], 'joined_at': '2022-01-21T01:27:45.049000+00:00', 'splash': None, 'max_video_channel_users': 25, 'members': [{'user': {'username': 'Reddit Fetcher', 'id': '933894129270800405', 'discriminator': '2665', 'bot': True, 'avatar': 'a4c4be7ca25c09d91ab80da045cb4c82'}, 'roles': ['933895612687077497'], 'mute': False, 'joined_at': '2022-01-21T01:27:45.049000+00:00', 'hoisted_role': None, 'deaf': False}], 'banner': None, 'roles': [{'unicode_emoji': None, 'position': 0, 'permissions_new': '1071698660929', 'permissions': 104320577, 'name': '@everyone', 'mentionable': False, 'managed': False, 'id': '933891292549763172', 'icon': None, 'hoist': False, 'color': 0}, {'unicode_emoji': None, 'tags': {'bot_id': '933894129270800405'}, 'position': 1, 'permissions_new': '16384', 'permissions': 16384, 'name': 'UwU Reddit Fetch', 'mentionable': False, 'managed': True, 'id': '933895612687077497', 'icon': None, 'hoist': False, 'color': 0}], 'system_channel_flags': 0, 'application_command_count': 0, 'afk_channel_id': None, 'id': '933891292549763172', 'afk_timeout': 300, 'features': [], 'verification_level': 0, 'default_message_notifications': 0, 'stickers': [], 'embedded_activities': [], 'channels': [{'type': 4, 'position': 0, 'permission_overwrites': [], 'name': 'Text Channels', 'id': '933891293359243304'}, {'type': 4, 'position': 0, 'permission_overwrites': [], 'name': 'Voice Channels', 'id': '933891293359243305'}, {'type': 0, 'topic': None, 'rate_limit_per_user': 0, 'position': 0, 'permission_overwrites': [], 'parent_id': '933891293359243304', 'name': 'general', 'last_message_id': '934162264850849902', 'id': '933891293359243306'}, {'user_limit': 0, 'type': 2, 'rtc_region': None, 'rate_limit_per_user': 0, 'position': 0, 'permission_overwrites': [], 'parent_id': '933891293359243305', 'name': 'General', 'last_message_id': None, 'id': '933891293359243307', 'bitrate': 64000}, {'type': 0, 'topic': None, 'rate_limit_per_user': 0, 'position': 1, 'permission_overwrites': [], 'parent_id': '933891293359243304', 'nsfw': True, 'name': 'bot-channel', 'last_message_id': '934222826582466600', 'id': '933891452507942912'}], 'application_id': None, 'member_count': 2, 'hub_type': None}}
2022-01-21 18:27:05,194:DEBUG:discord.client: Dispatching event socket_response
2022-01-21 18:27:05,195:DEBUG:discord.client: Dispatching event guild_available
2022-01-21 18:27:07,205:DEBUG:discord.client: Dispatching event ready
2022-01-21 18:27:19,107:DEBUG:discord.client: Dispatching event socket_raw_receive
2022-01-21 18:27:19,107:DEBUG:discord.gateway: For Shard ID None: WebSocket Event: {'t': 'TYPING_START', 's': 4, 'op': 0, 'd': {'user_id': '289695375973941249', 'timestamp': 1642807638, 'member': {'user': {'username': 'Zer0', 'id': '289695375973941249', 'discriminator': '4121', 'avatar': 'd4509d184877631feaff78738bb7a3d6'}, 'roles': [], 'mute': False, 'joined_at': '2022-01-21T01:10:35.018000+00:00', 'hoisted_role': None, 'deaf': False}, 'channel_id': '933891452507942912', 'guild_id': '933891292549763172'}}
2022-01-21 18:27:19,107:DEBUG:discord.client: Dispatching event socket_response
2022-01-21 18:27:19,107:DEBUG:discord.client: Dispatching event typing
2022-01-21 18:27:26,823:DEBUG:discord.client: Dispatching event socket_raw_receive
2022-01-21 18:27:26,823:DEBUG:discord.gateway: For Shard ID None: WebSocket Event: {'t': 'MESSAGE_CREATE', 's': 5, 'op': 0, 'd': {'type': 0, 'tts': False, 'timestamp': '2022-01-21T23:27:25.986000+00:00', 'referenced_message': None, 'pinned': False, 'nonce': '934227724820545536', 'mentions': [], 'mention_roles': [], 'mention_everyone': False, 'member': {'roles': [], 'mute': False, 'joined_at': '2022-01-21T01:10:35.018000+00:00', 'hoisted_role': None, 'deaf': False}, 'id': '934227721788215367', 'flags': 0, 'embeds': [], 'edited_timestamp': None, 'content': '!subreddit cars', 'components': [], 'channel_id': '933891452507942912', 'author': {'username': 'Zer0', 'public_flags': 0, 'id': '289695375973941249', 'discriminator': '4121', 'avatar': 'd4509d184877631feaff78738bb7a3d6'}, 'attachments': [], 'guild_id': '933891292549763172'}}
2022-01-21 18:27:26,823:DEBUG:discord.client: Dispatching event socket_response
2022-01-21 18:27:26,823:DEBUG:discord.client: Dispatching event message
2022-01-21 18:27:26,824:DEBUG:discord.client: Dispatching event command
2022-01-21 18:27:27,370:DEBUG:discord.client: Dispatching event socket_raw_receive
2022-01-21 18:27:27,370:DEBUG:discord.gateway: For Shard ID None: WebSocket Event: {'t': 'MESSAGE_CREATE', 's': 6, 'op': 0, 'd': {'type': 0, 'tts': False, 'timestamp': '2022-01-21T23:27:26.416000+00:00', 'referenced_message': None, 'pinned': False, 'mentions': [], 'mention_roles': [], 'mention_everyone': False, 'member': {'roles': ['933895612687077497'], 'mute': False, 'joined_at': '2022-01-21T01:27:45.049000+00:00', 'hoisted_role': None, 'deaf': False}, 'id': '934227723591778357', 'flags': 0, 'embeds': [], 'edited_timestamp': None, 'content': 'What Car Should I Buy? - A Weekly Megathreadhttps://www.reddit.com/r/cars/comments/s64nmz/what_car_should_i_buy_a_weekly_megathread/', 'components': [], 'channel_id': '933891452507942912', 'author': {'username': 'Reddit Fetcher', 'public_flags': 0, 'id': '933894129270800405', 'discriminator': '2665', 'bot': True, 'avatar': 'a4c4be7ca25c09d91ab80da045cb4c82'}, 'attachments': [], 'guild_id': '933891292549763172'}}
2022-01-21 18:27:27,370:DEBUG:discord.client: Dispatching event socket_response
2022-01-21 18:27:27,370:DEBUG:discord.client: Dispatching event message
2022-01-21 18:27:27,411:DEBUG:discord.http: POST https://discord.com/api/v7/channels/933891452507942912/messages with {"content":"What Car Should I Buy? - A Weekly Megathreadhttps://www.reddit.com/r/cars/comments/s64nmz/what_car_should_i_buy_a_weekly_megathread/"} has returned 200
2022-01-21 18:27:27,411:DEBUG:discord.http: POST https://discord.com/api/v7/channels/933891452507942912/messages has received {'id': '934227723591778357', 'type': 0, 'content': 'What Car Should I Buy? - A Weekly Megathreadhttps://www.reddit.com/r/cars/comments/s64nmz/what_car_should_i_buy_a_weekly_megathread/', 'channel_id': '933891452507942912', 'author': {'id': '933894129270800405', 'username': 'Reddit Fetcher', 'avatar': 'a4c4be7ca25c09d91ab80da045cb4c82', 'discriminator': '2665', 'public_flags': 0, 'bot': True}, 'attachments': [], 'embeds': [], 'mentions': [], 'mention_roles': [], 'pinned': False, 'mention_everyone': False, 'tts': False, 'timestamp': '2022-01-21T23:27:26.416000+00:00', 'edited_timestamp': None, 'flags': 0, 'components': [], 'referenced_message': None}
2022-01-21 18:27:27,411:DEBUG:discord.client: Dispatching event command_completion
2022-01-21 18:27:29,089:DEBUG:discord.client: Dispatching event socket_raw_receive
2022-01-21 18:27:29,089:DEBUG:discord.gateway: For Shard ID None: WebSocket Event: {'t': 'MESSAGE_UPDATE', 's': 7, 'op': 0, 'd': {'id': '934227723591778357', 'embeds': [{'url': 'https://www.reddit.com/r/cars/comments/s64nmz/what_car_should_i_buy_a_weekly_megathread/', 'type': 'link', 'title': 'r/cars - What Car Should I Buy? - A Weekly Megathread', 'thumbnail': {'width': 1330, 'url': 'https://external-preview.redd.it/-vBaF5dUH9ST7X1KBW7uCbIpBCnB7ZV1eXLiQEEFH_Y.jpg?auto=webp&s=a4463c5f25a6699701ee8a8aa192e11064fe8f41', 'proxy_url': 'https://images-ext-1.discordapp.net/external/XarcoL51ewF9iRG1mj8l_7vbw0NwjXo0JI5FNFlmcgM/%3Fauto%3Dwebp%26s%3Da4463c5f25a6699701ee8a8aa192e11064fe8f41/https/external-preview.redd.it/-vBaF5dUH9ST7X1KBW7uCbIpBCnB7ZV1eXLiQEEFH_Y.jpg', 'height': 1330}, 'provider': {'name': 'reddit'}, 'description': '35 votes and 212 comments so far on Reddit', 'color': 16777215}], 'channel_id': '933891452507942912', 'guild_id': '933891292549763172'}}
2022-01-21 18:27:29,089:DEBUG:discord.client: Dispatching event socket_response
2022-01-21 18:27:29,089:DEBUG:discord.client: Dispatching event raw_message_edit
2022-01-21 18:27:29,089:DEBUG:discord.client: Dispatching event message_edit
2022-01-21 18:27:46,370:DEBUG:discord.gateway: Keeping shard ID None websocket alive with sequence 7.
2022-01-21 18:27:46,394:DEBUG:discord.client: Dispatching event socket_raw_receive
2022-01-21 18:27:46,394:DEBUG:discord.gateway: For Shard ID None: WebSocket Event: {'t': None, 's': None, 'op': 11, 'd': None}
2022-01-21 18:27:46,395:DEBUG:discord.client: Dispatching event socket_response
2022-01-21 18:28:27,622:DEBUG:discord.gateway: Keeping shard ID None websocket alive with sequence 7.
2022-01-21 18:28:27,687:DEBUG:discord.client: Dispatching event socket_raw_receive
2022-01-21 18:28:27,687:DEBUG:discord.gateway: For Shard ID None: WebSocket Event: {'t': None, 's': None, 'op': 11, 'd': None}
2022-01-21 18:28:27,687:DEBUG:discord.client: Dispatching event socket_response
2022-01-21 18:29:08,883:DEBUG:discord.gateway: Keeping shard ID None websocket alive with sequence 7.
2022-01-21 18:29:08,912:DEBUG:discord.client: Dispatching event socket_raw_receive
2022-01-21 18:29:08,912:DEBUG:discord.gateway: For Shard ID None: WebSocket Event: {'t': None, 's': None, 'op': 11, 'd': None}
2022-01-21 18:29:08,912:DEBUG:discord.client: Dispatching event socket_response
2022-01-21 18:29:50,136:DEBUG:discord.gateway: Keeping shard ID None websocket alive with sequence 7.
2022-01-21 18:29:50,165:DEBUG:discord.client: Dispatching event socket_raw_receive
2022-01-21 18:29:50,165:DEBUG:discord.gateway: For Shard ID None: WebSocket Event: {'t': None, 's': None, 'op': 11, 'd': None}
2022-01-21 18:29:50,165:DEBUG:discord.client: Dispatching event socket_response
2022-01-21 18:30:31,397:DEBUG:discord.gateway: Keeping shard ID None websocket alive with sequence 7.
2022-01-21 18:30:31,434:DEBUG:discord.client: Dispatching event socket_raw_receive
2022-01-21 18:30:31,434:DEBUG:discord.gateway: For Shard ID None: WebSocket Event: {'t': None, 's': None, 'op': 11, 'd': None}
2022-01-21 18:30:31,434:DEBUG:discord.client: Dispatching event socket_response
2022-01-21 18:31:12,653:DEBUG:discord.gateway: Keeping shard ID None websocket alive with sequence 7.
2022-01-21 18:31:12,677:DEBUG:discord.client: Dispatching event socket_raw_receive
2022-01-21 18:31:12,677:DEBUG:discord.gateway: For Shard ID None: WebSocket Event: {'t': None, 's': None, 'op': 11, 'd': None}
2022-01-21 18:31:12,677:DEBUG:discord.client: Dispatching event socket_response
2022-01-21 18:31:53,914:DEBUG:discord.gateway: Keeping shard ID None websocket alive with sequence 7.
2022-01-21 18:31:53,942:DEBUG:discord.client: Dispatching event socket_raw_receive
2022-01-21 18:31:53,942:DEBUG:discord.gateway: For Shard ID None: WebSocket Event: {'t': None, 's': None, 'op': 11, 'd': None}
2022-01-21 18:31:53,942:DEBUG:discord.client: Dispatching event socket_response
2022-01-21 18:32:35,169:DEBUG:discord.gateway: Keeping shard ID None websocket alive with sequence 7.
2022-01-21 18:32:35,198:DEBUG:discord.client: Dispatching event socket_raw_receive
2022-01-21 18:32:35,198:DEBUG:discord.gateway: For Shard ID None: WebSocket Event: {'t': None, 's': None, 'op': 11, 'd': None}
2022-01-21 18:32:35,198:DEBUG:discord.client: Dispatching event socket_response
2022-01-21 18:33:16,427:DEBUG:discord.gateway: Keeping shard ID None websocket alive with sequence 7.
2022-01-21 18:33:16,452:DEBUG:discord.client: Dispatching event socket_raw_receive
2022-01-21 18:33:16,453:DEBUG:discord.gateway: For Shard ID None: WebSocket Event: {'t': None, 's': None, 'op': 11, 'd': None}
2022-01-21 18:33:16,453:DEBUG:discord.client: Dispatching event socket_response
2022-01-21 18:33:57,691:DEBUG:discord.gateway: Keeping shard ID None websocket alive with sequence 7.
2022-01-21 18:33:57,716:DEBUG:discord.client: Dispatching event socket_raw_receive
2022-01-21 18:33:57,716:DEBUG:discord.gateway: For Shard ID None: WebSocket Event: {'t': None, 's': None, 'op': 11, 'd': None}
2022-01-21 18:33:57,716:DEBUG:discord.client: Dispatching event socket_response
2022-01-21 18:34:38,951:DEBUG:discord.gateway: Keeping shard ID None websocket alive with sequence 7.
2022-01-21 18:34:38,985:DEBUG:discord.client: Dispatching event socket_raw_receive
2022-01-21 18:34:38,985:DEBUG:discord.gateway: For Shard ID None: WebSocket Event: {'t': None, 's': None, 'op': 11, 'd': None}
2022-01-21 18:34:38,985:DEBUG:discord.client: Dispatching event socket_response
